#
# There is insufficient memory for the Java Runtime Environment to continue.
# Native memory allocation (malloc) failed to allocate 2148976 bytes for Chunk::new
# Possible reasons:
#   The system is out of physical RAM or swap space
#   The process is running with CompressedOops enabled, and the Java Heap may be blocking the growth of the native heap
# Possible solutions:
#   Reduce memory load on the system
#   Increase physical memory or swap space
#   Check if swap backing store is full
#   Decrease Java heap size (-Xmx/-Xms)
#   Decrease number of Java threads
#   Decrease Java thread stack sizes (-Xss)
#   Set larger code cache with -XX:ReservedCodeCacheSize=
#   JVM is running with Unscaled Compressed Oops mode in which the Java heap is
#     placed in the first 4GB address space. The Java Heap base address is the
#     maximum limit for the native heap growth. Please use -XX:HeapBaseMinAddress
#     to set the Java Heap base and to place the Java Heap above 4GB virtual address.
# This output file may be truncated or incomplete.
#
#  Out of Memory Error (arena.cpp:189), pid=7728, tid=34696
#
# JRE version: OpenJDK Runtime Environment (17.0.6) (build 17.0.6+0-b2043.56-10027231)
# Java VM: OpenJDK 64-Bit Server VM (17.0.6+0-b2043.56-10027231, mixed mode, tiered, compressed oops, compressed class ptrs, g1 gc, windows-amd64)
# No core dump will be written. Minidumps are not enabled by default on client versions of Windows
#

---------------  S U M M A R Y ------------

Command Line: --add-opens=java.base/java.util=ALL-UNNAMED --add-opens=java.base/java.lang=ALL-UNNAMED --add-opens=java.base/java.lang.invoke=ALL-UNNAMED --add-opens=java.prefs/java.util.prefs=ALL-UNNAMED --add-opens=java.base/java.nio.charset=ALL-UNNAMED --add-opens=java.base/java.net=ALL-UNNAMED --add-opens=java.base/java.util.concurrent.atomic=ALL-UNNAMED -Xmx2048m -Dfile.encoding=UTF-8 -Duser.country=IN -Duser.language=en -Duser.variant org.gradle.launcher.daemon.bootstrap.GradleDaemon 8.0

Host: AMD Ryzen 7 5700U with Radeon Graphics         , 16 cores, 15G,  Windows 11 , 64 bit Build 25967 (10.0.25967.1000)
Time: Wed Dec 27 03:03:50 2023 India Standard Time elapsed time: 9.424355 seconds (0d 0h 0m 9s)

---------------  T H R E A D  ---------------

Current thread (0x000001d0d0cadc40):  JavaThread "C2 CompilerThread0" daemon [_thread_in_native, id=34696, stack(0x000000b11fb00000,0x000000b11fc00000)]


Current CompileTask:
C2:   9424 4411       4       jdk.internal.org.objectweb.asm.Frame::execute (2305 bytes)

Stack: [0x000000b11fb00000,0x000000b11fc00000]
Native frames: (J=compiled Java code, j=interpreted, Vv=VM code, C=native code)
V  [jvm.dll+0x683c9a]
V  [jvm.dll+0x8427a4]
V  [jvm.dll+0x843f9e]
V  [jvm.dll+0x844603]
V  [jvm.dll+0x249b75]
V  [jvm.dll+0xabcac]
V  [jvm.dll+0xac27c]
V  [jvm.dll+0x368802]
V  [jvm.dll+0x332f31]
V  [jvm.dll+0x3323da]
V  [jvm.dll+0x21c201]
V  [jvm.dll+0x21b621]
V  [jvm.dll+0x1a4fdd]
V  [jvm.dll+0x22b098]
V  [jvm.dll+0x229159]
V  [jvm.dll+0x7f81ec]
V  [jvm.dll+0x7f274a]
V  [jvm.dll+0x682ad5]
C  [ucrtbase.dll+0x60a20]
C  [KERNEL32.DLL+0x11f87]
C  [ntdll.dll+0x616b0]


---------------  P R O C E S S  ---------------

Threads class SMR info:
_java_thread_list=0x000001d0d3f5cc60, length=40, elements={
0x000001d0b58cd100, 0x000001d0d0c59170, 0x000001d0d0c5ba40, 0x000001d0d0c9d4c0,
0x000001d0d0c9dd80, 0x000001d0d0c9e640, 0x000001d0d0c9fa70, 0x000001d0d0cadc40,
0x000001d0d0cae560, 0x000001d0d0cb1f70, 0x000001d0d0e24ec0, 0x000001d0d0e4bc50,
0x000001d0d0e4c120, 0x000001d0d1761ca0, 0x000001d0d23c02c0, 0x000001d0d367fc80,
0x000001d0d33a6ef0, 0x000001d0d33a73c0, 0x000001d0d212c170, 0x000001d0d13b7930,
0x000001d0d1402050, 0x000001d0d1403860, 0x000001d0d1402520, 0x000001d0d1403390,
0x000001d0d3d72dd0, 0x000001d0d3d74110, 0x000001d0d3d77130, 0x000001d0d3d732a0,
0x000001d0d3d75df0, 0x000001d0d3d78940, 0x000001d0d3d762c0, 0x000001d0d3d71f60,
0x000001d0d3d77600, 0x000001d0d3d72430, 0x000001d0d3d76790, 0x000001d0d3d73770,
0x000001d0d3d71a90, 0x000001d0d3d75450, 0x000001d0d3d78e10, 0x000001d0d3d72900
}

Java Threads: ( => current thread )
  0x000001d0b58cd100 JavaThread "main" [_thread_blocked, id=20616, stack(0x000000b11ee00000,0x000000b11ef00000)]
  0x000001d0d0c59170 JavaThread "Reference Handler" daemon [_thread_blocked, id=14076, stack(0x000000b11f500000,0x000000b11f600000)]
  0x000001d0d0c5ba40 JavaThread "Finalizer" daemon [_thread_blocked, id=18300, stack(0x000000b11f600000,0x000000b11f700000)]
  0x000001d0d0c9d4c0 JavaThread "Signal Dispatcher" daemon [_thread_blocked, id=28540, stack(0x000000b11f700000,0x000000b11f800000)]
  0x000001d0d0c9dd80 JavaThread "Attach Listener" daemon [_thread_blocked, id=31772, stack(0x000000b11f800000,0x000000b11f900000)]
  0x000001d0d0c9e640 JavaThread "Service Thread" daemon [_thread_blocked, id=31756, stack(0x000000b11f900000,0x000000b11fa00000)]
  0x000001d0d0c9fa70 JavaThread "Monitor Deflation Thread" daemon [_thread_blocked, id=28888, stack(0x000000b11fa00000,0x000000b11fb00000)]
=>0x000001d0d0cadc40 JavaThread "C2 CompilerThread0" daemon [_thread_in_native, id=34696, stack(0x000000b11fb00000,0x000000b11fc00000)]
  0x000001d0d0cae560 JavaThread "C1 CompilerThread0" daemon [_thread_blocked, id=12536, stack(0x000000b11fc00000,0x000000b11fd00000)]
  0x000001d0d0cb1f70 JavaThread "Sweeper thread" daemon [_thread_blocked, id=17404, stack(0x000000b11fd00000,0x000000b11fe00000)]
  0x000001d0d0e24ec0 JavaThread "C1 CompilerThread1" daemon [_thread_blocked, id=25124, stack(0x000000b11fe00000,0x000000b11ff00000)]
  0x000001d0d0e4bc50 JavaThread "Common-Cleaner" daemon [_thread_blocked, id=25800, stack(0x000000b11ff00000,0x000000b120000000)]
  0x000001d0d0e4c120 JavaThread "Notification Thread" daemon [_thread_blocked, id=10936, stack(0x000000b120000000,0x000000b120100000)]
  0x000001d0d1761ca0 JavaThread "Daemon health stats" [_thread_blocked, id=11092, stack(0x000000b120500000,0x000000b120600000)]
  0x000001d0d23c02c0 JavaThread "Incoming local TCP Connector on port 11292" [_thread_in_native, id=6256, stack(0x000000b120400000,0x000000b120500000)]
  0x000001d0d367fc80 JavaThread "Daemon periodic checks" [_thread_blocked, id=22696, stack(0x000000b120c00000,0x000000b120d00000)]
  0x000001d0d33a6ef0 JavaThread "Daemon" [_thread_blocked, id=7968, stack(0x000000b120d00000,0x000000b120e00000)]
  0x000001d0d33a73c0 JavaThread "Handler for socket connection from /127.0.0.1:11292 to /127.0.0.1:11294" [_thread_in_native, id=9248, stack(0x000000b120e00000,0x000000b120f00000)]
  0x000001d0d212c170 JavaThread "Cancel handler" [_thread_blocked, id=22392, stack(0x000000b120f00000,0x000000b121000000)]
  0x000001d0d13b7930 JavaThread "Daemon worker" [_thread_in_vm, id=26788, stack(0x000000b121000000,0x000000b121100000)]
  0x000001d0d1402050 JavaThread "Asynchronous log dispatcher for DefaultDaemonConnection: socket connection from /127.0.0.1:11292 to /127.0.0.1:11294" [_thread_blocked, id=33560, stack(0x000000b121100000,0x000000b121200000)]
  0x000001d0d1403860 JavaThread "Stdin handler" [_thread_blocked, id=23812, stack(0x000000b121200000,0x000000b121300000)]
  0x000001d0d1402520 JavaThread "Daemon client event forwarder" [_thread_blocked, id=10480, stack(0x000000b121300000,0x000000b121400000)]
  0x000001d0d1403390 JavaThread "Cache worker for journal cache (C:\Users\KIIT\.gradle\caches\journal-1)" [_thread_blocked, id=30964, stack(0x000000b120300000,0x000000b120400000)]
  0x000001d0d3d72dd0 JavaThread "File lock request listener" [_thread_in_native, id=27240, stack(0x000000b121e00000,0x000000b121f00000)]
  0x000001d0d3d74110 JavaThread "Cache worker for file hash cache (C:\Users\KIIT\.gradle\caches\8.0\fileHashes)" [_thread_blocked, id=32944, stack(0x000000b121f00000,0x000000b122000000)]
  0x000001d0d3d77130 JavaThread "File watcher server" daemon [_thread_in_native, id=33272, stack(0x000000b120200000,0x000000b120300000)]
  0x000001d0d3d732a0 JavaThread "File watcher consumer" daemon [_thread_blocked, id=25768, stack(0x000000b122000000,0x000000b122100000)]
  0x000001d0d3d75df0 JavaThread "Cache worker for checksums cache (D:\AndroidApp\StudentManagementSystemUsingFirebase\.gradle\8.0\checksums)" [_thread_blocked, id=25304, stack(0x000000b122100000,0x000000b122200000)]
  0x000001d0d3d78940 JavaThread "Cache worker for cache directory md-rule (C:\Users\KIIT\.gradle\caches\8.0\md-rule)" [_thread_blocked, id=29824, stack(0x000000b122200000,0x000000b122300000)]
  0x000001d0d3d762c0 JavaThread "Cache worker for file content cache (C:\Users\KIIT\.gradle\caches\8.0\fileContent)" [_thread_blocked, id=34288, stack(0x000000b122300000,0x000000b122400000)]
  0x000001d0d3d71f60 JavaThread "Cache worker for file hash cache (D:\AndroidApp\StudentManagementSystemUsingFirebase\.gradle\8.0\fileHashes)" [_thread_blocked, id=31396, stack(0x000000b122400000,0x000000b122500000)]
  0x000001d0d3d77600 JavaThread "Cache worker for cache directory md-supplier (C:\Users\KIIT\.gradle\caches\8.0\md-supplier)" [_thread_blocked, id=20912, stack(0x000000b122500000,0x000000b122600000)]
  0x000001d0d3d72430 JavaThread "Cache worker for execution history cache (C:\Users\KIIT\.gradle\caches\8.0\executionHistory)" [_thread_blocked, id=4392, stack(0x000000b122600000,0x000000b122700000)]
  0x000001d0d3d76790 JavaThread "jar transforms" [_thread_blocked, id=30552, stack(0x000000b122700000,0x000000b122800000)]
  0x000001d0d3d73770 JavaThread "jar transforms Thread 2" [_thread_blocked, id=17084, stack(0x000000b122800000,0x000000b122900000)]
  0x000001d0d3d71a90 JavaThread "Cache worker for kotlin-dsl (C:\Users\KIIT\.gradle\caches\8.0\kotlin-dsl)" [_thread_blocked, id=27144, stack(0x000000b122900000,0x000000b122a00000)]
  0x000001d0d3d75450 JavaThread "jar transforms Thread 3" [_thread_blocked, id=34644, stack(0x000000b122a00000,0x000000b122b00000)]
  0x000001d0d3d78e10 JavaThread "jar transforms Thread 4" [_thread_blocked, id=28088, stack(0x000000b122b00000,0x000000b122c00000)]
  0x000001d0d3d72900 JavaThread "Cache worker for dependencies-accessors (D:\AndroidApp\StudentManagementSystemUsingFirebase\.gradle\8.0\dependencies-accessors)" [_thread_blocked, id=29224, stack(0x000000b122c00000,0x000000b122d00000)]

Other Threads:
  0x000001d0d02acd30 VMThread "VM Thread" [stack: 0x000000b11f400000,0x000000b11f500000] [id=14660]
  0x000001d0d0e5d190 WatcherThread [stack: 0x000000b120100000,0x000000b120200000] [id=16824]
  0x000001d0b592be20 GCTaskThread "GC Thread#0" [stack: 0x000000b11ef00000,0x000000b11f000000] [id=22504]
  0x000001d0d1916d80 GCTaskThread "GC Thread#1" [stack: 0x000000b120800000,0x000000b120900000] [id=10940]
  0x000001d0d1621500 GCTaskThread "GC Thread#2" [stack: 0x000000b120900000,0x000000b120a00000] [id=11160]
  0x000001d0d16217b0 GCTaskThread "GC Thread#3" [stack: 0x000000b120a00000,0x000000b120b00000] [id=30192]
  0x000001d0d14b3160 GCTaskThread "GC Thread#4" [stack: 0x000000b120b00000,0x000000b120c00000] [id=32412]
  0x000001d0d36e6500 GCTaskThread "GC Thread#5" [stack: 0x000000b121400000,0x000000b121500000] [id=17312]
  0x000001d0d36e6fc0 GCTaskThread "GC Thread#6" [stack: 0x000000b121500000,0x000000b121600000] [id=23136]
  0x000001d0d36e6d10 GCTaskThread "GC Thread#7" [stack: 0x000000b121600000,0x000000b121700000] [id=22220]
  0x000001d0d36e5790 GCTaskThread "GC Thread#8" [stack: 0x000000b121700000,0x000000b121800000] [id=27224]
  0x000001d0d36e67b0 GCTaskThread "GC Thread#9" [stack: 0x000000b121800000,0x000000b121900000] [id=31436]
  0x000001d0d36e7270 GCTaskThread "GC Thread#10" [stack: 0x000000b121900000,0x000000b121a00000] [id=19096]
  0x000001d0d36e5a40 GCTaskThread "GC Thread#11" [stack: 0x000000b121a00000,0x000000b121b00000] [id=3812]
  0x000001d0d36e6a60 GCTaskThread "GC Thread#12" [stack: 0x000000b121b00000,0x000000b121c00000] [id=13280]
  0x000001d0b593cc70 ConcurrentGCThread "G1 Main Marker" [stack: 0x000000b11f000000,0x000000b11f100000] [id=25036]
  0x000001d0b5940120 ConcurrentGCThread "G1 Conc#0" [stack: 0x000000b11f100000,0x000000b11f200000] [id=32304]
  0x000001d0d36e5cf0 ConcurrentGCThread "G1 Conc#1" [stack: 0x000000b121c00000,0x000000b121d00000] [id=29128]
  0x000001d0d361d650 ConcurrentGCThread "G1 Conc#2" [stack: 0x000000b121d00000,0x000000b121e00000] [id=3120]
  0x000001d0b598d820 ConcurrentGCThread "G1 Refine#0" [stack: 0x000000b11f200000,0x000000b11f300000] [id=7076]
  0x000001d0b598def0 ConcurrentGCThread "G1 Service" [stack: 0x000000b11f300000,0x000000b11f400000] [id=34428]

Threads with active compile tasks:
C2 CompilerThread0     9438 4411       4       jdk.internal.org.objectweb.asm.Frame::execute (2305 bytes)

VM state: not at safepoint (normal execution)

VM Mutex/Monitor currently owned by a thread: None

Heap address: 0x0000000080000000, size: 2048 MB, Compressed Oops mode: 32-bit

CDS archive(s) not mapped
Compressed class space mapped at: 0x0000000100000000-0x0000000140000000, reserved size: 1073741824
Narrow klass base: 0x0000000000000000, Narrow klass shift: 3, Narrow klass range: 0x140000000

GC Precious Log:
 CPUs: 16 total, 16 available
 Memory: 15709M
 Large Page Support: Disabled
 NUMA Support: Disabled
 Compressed Oops: Enabled (32-bit)
 Heap Region Size: 1M
 Heap Min Capacity: 8M
 Heap Initial Capacity: 246M
 Heap Max Capacity: 2G
 Pre-touch: Disabled
 Parallel Workers: 13
 Concurrent Workers: 3
 Concurrent Refinement Workers: 13
 Periodic GC: Disabled

Heap:
 garbage-first heap   total 83968K, used 54847K [0x0000000080000000, 0x0000000100000000)
  region size 1024K, 26 young (26624K), 2 survivors (2048K)
 Metaspace       used 48168K, committed 48576K, reserved 1097728K
  class space    used 6364K, committed 6528K, reserved 1048576K

Heap Regions: E=young(eden), S=young(survivor), O=old, HS=humongous(starts), HC=humongous(continues), CS=collection set, F=free, OA=open archive, CA=closed archive, TAMS=top-at-mark-start (previous, next)
|   0|0x0000000080000000, 0x0000000080100000, 0x0000000080100000|100%|HS|  |TAMS 0x0000000080100000, 0x0000000080000000| Complete 
|   1|0x0000000080100000, 0x0000000080200000, 0x0000000080200000|100%|HC|  |TAMS 0x0000000080200000, 0x0000000080100000| Complete 
|   2|0x0000000080200000, 0x0000000080300000, 0x0000000080300000|100%|HC|  |TAMS 0x0000000080300000, 0x0000000080200000| Complete 
|   3|0x0000000080300000, 0x0000000080400000, 0x0000000080400000|100%|HC|  |TAMS 0x0000000080400000, 0x0000000080300000| Complete 
|   4|0x0000000080400000, 0x0000000080500000, 0x0000000080500000|100%| O|  |TAMS 0x0000000080500000, 0x0000000080400000| Untracked 
|   5|0x0000000080500000, 0x0000000080600000, 0x0000000080600000|100%| O|  |TAMS 0x0000000080600000, 0x0000000080500000| Untracked 
|   6|0x0000000080600000, 0x0000000080700000, 0x0000000080700000|100%| O|  |TAMS 0x0000000080700000, 0x0000000080600000| Untracked 
|   7|0x0000000080700000, 0x0000000080800000, 0x0000000080800000|100%| O|  |TAMS 0x0000000080800000, 0x0000000080700000| Untracked 
|   8|0x0000000080800000, 0x0000000080900000, 0x0000000080900000|100%| O|  |TAMS 0x0000000080900000, 0x0000000080800000| Untracked 
|   9|0x0000000080900000, 0x0000000080a00000, 0x0000000080a00000|100%| O|  |TAMS 0x0000000080a00000, 0x0000000080900000| Untracked 
|  10|0x0000000080a00000, 0x0000000080b00000, 0x0000000080b00000|100%| O|  |TAMS 0x0000000080b00000, 0x0000000080a00000| Untracked 
|  11|0x0000000080b00000, 0x0000000080b68200, 0x0000000080c00000| 40%| O|  |TAMS 0x0000000080b68200, 0x0000000080b00000| Untracked 
|  12|0x0000000080c00000, 0x0000000080d00000, 0x0000000080d00000|100%| O|  |TAMS 0x0000000080d00000, 0x0000000080c00000| Untracked 
|  13|0x0000000080d00000, 0x0000000080e00000, 0x0000000080e00000|100%| O|  |TAMS 0x0000000080e00000, 0x0000000080d00000| Untracked 
|  14|0x0000000080e00000, 0x0000000080f00000, 0x0000000080f00000|100%| O|  |TAMS 0x0000000080f00000, 0x0000000080e00000| Untracked 
|  15|0x0000000080f00000, 0x0000000081000000, 0x0000000081000000|100%| O|  |TAMS 0x0000000081000000, 0x0000000080f00000| Untracked 
|  16|0x0000000081000000, 0x0000000081100000, 0x0000000081100000|100%| O|  |TAMS 0x0000000081100000, 0x0000000081000000| Untracked 
|  17|0x0000000081100000, 0x0000000081200000, 0x0000000081200000|100%| O|  |TAMS 0x0000000081200000, 0x0000000081100000| Untracked 
|  18|0x0000000081200000, 0x0000000081300000, 0x0000000081300000|100%| O|  |TAMS 0x0000000081300000, 0x0000000081200000| Untracked 
|  19|0x0000000081300000, 0x0000000081400000, 0x0000000081400000|100%| O|  |TAMS 0x0000000081400000, 0x0000000081300000| Untracked 
|  20|0x0000000081400000, 0x0000000081500000, 0x0000000081500000|100%| O|  |TAMS 0x00000000814a7c00, 0x0000000081400000| Untracked 
|  21|0x0000000081500000, 0x0000000081600000, 0x0000000081600000|100%| O|  |TAMS 0x0000000081500000, 0x0000000081500000| Untracked 
|  22|0x0000000081600000, 0x0000000081700000, 0x0000000081700000|100%| O|  |TAMS 0x0000000081600000, 0x0000000081600000| Untracked 
|  23|0x0000000081700000, 0x0000000081800000, 0x0000000081800000|100%| O|  |TAMS 0x0000000081700000, 0x0000000081700000| Untracked 
|  24|0x0000000081800000, 0x0000000081900000, 0x0000000081900000|100%| O|  |TAMS 0x0000000081800000, 0x0000000081800000| Untracked 
|  25|0x0000000081900000, 0x0000000081900000, 0x0000000081a00000|  0%| F|  |TAMS 0x0000000081900000, 0x0000000081900000| Untracked 
|  26|0x0000000081a00000, 0x0000000081b00000, 0x0000000081b00000|100%| O|  |TAMS 0x0000000081a00000, 0x0000000081a00000| Untracked 
|  27|0x0000000081b00000, 0x0000000081bd5c00, 0x0000000081c00000| 83%| O|  |TAMS 0x0000000081b00000, 0x0000000081b00000| Untracked 
|  28|0x0000000081c00000, 0x0000000081d00000, 0x0000000081d00000|100%| O|  |TAMS 0x0000000081c00000, 0x0000000081c00000| Untracked 
|  29|0x0000000081d00000, 0x0000000081e00000, 0x0000000081e00000|100%| O|  |TAMS 0x0000000081d00000, 0x0000000081d00000| Untracked 
|  30|0x0000000081e00000, 0x0000000081f00000, 0x0000000081f00000|100%| O|  |TAMS 0x0000000081e00000, 0x0000000081e00000| Untracked 
|  31|0x0000000081f00000, 0x0000000081f00000, 0x0000000082000000|  0%| F|  |TAMS 0x0000000081f00000, 0x0000000081f00000| Untracked 
|  32|0x0000000082000000, 0x0000000082000000, 0x0000000082100000|  0%| F|  |TAMS 0x0000000082000000, 0x0000000082000000| Untracked 
|  33|0x0000000082100000, 0x0000000082100000, 0x0000000082200000|  0%| F|  |TAMS 0x0000000082100000, 0x0000000082100000| Untracked 
|  34|0x0000000082200000, 0x0000000082200000, 0x0000000082300000|  0%| F|  |TAMS 0x0000000082200000, 0x0000000082200000| Untracked 
|  35|0x0000000082300000, 0x0000000082300000, 0x0000000082400000|  0%| F|  |TAMS 0x0000000082300000, 0x0000000082300000| Untracked 
|  36|0x0000000082400000, 0x0000000082400000, 0x0000000082500000|  0%| F|  |TAMS 0x0000000082400000, 0x0000000082400000| Untracked 
|  37|0x0000000082500000, 0x0000000082500000, 0x0000000082600000|  0%| F|  |TAMS 0x0000000082500000, 0x0000000082500000| Untracked 
|  38|0x0000000082600000, 0x0000000082600000, 0x0000000082700000|  0%| F|  |TAMS 0x0000000082600000, 0x0000000082600000| Untracked 
|  39|0x0000000082700000, 0x0000000082700000, 0x0000000082800000|  0%| F|  |TAMS 0x0000000082700000, 0x0000000082700000| Untracked 
|  40|0x0000000082800000, 0x0000000082800000, 0x0000000082900000|  0%| F|  |TAMS 0x0000000082800000, 0x0000000082800000| Untracked 
|  41|0x0000000082900000, 0x0000000082952170, 0x0000000082a00000| 32%| S|CS|TAMS 0x0000000082900000, 0x0000000082900000| Complete 
|  42|0x0000000082a00000, 0x0000000082a00000, 0x0000000082b00000|  0%| F|  |TAMS 0x0000000082a00000, 0x0000000082a00000| Untracked 
|  43|0x0000000082b00000, 0x0000000082b00000, 0x0000000082c00000|  0%| F|  |TAMS 0x0000000082b00000, 0x0000000082b00000| Untracked 
|  44|0x0000000082c00000, 0x0000000082c00000, 0x0000000082d00000|  0%| F|  |TAMS 0x0000000082c00000, 0x0000000082c00000| Untracked 
|  45|0x0000000082d00000, 0x0000000082e00000, 0x0000000082e00000|100%| S|CS|TAMS 0x0000000082d00000, 0x0000000082d00000| Complete 
|  46|0x0000000082e00000, 0x0000000082e00000, 0x0000000082f00000|  0%| F|  |TAMS 0x0000000082e00000, 0x0000000082e00000| Untracked 
|  47|0x0000000082f00000, 0x0000000082f00000, 0x0000000083000000|  0%| F|  |TAMS 0x0000000082f00000, 0x0000000082f00000| Untracked 
|  48|0x0000000083000000, 0x0000000083000000, 0x0000000083100000|  0%| F|  |TAMS 0x0000000083000000, 0x0000000083000000| Untracked 
|  49|0x0000000083100000, 0x0000000083100000, 0x0000000083200000|  0%| F|  |TAMS 0x0000000083100000, 0x0000000083100000| Untracked 
|  50|0x0000000083200000, 0x0000000083200000, 0x0000000083300000|  0%| F|  |TAMS 0x0000000083200000, 0x0000000083200000| Untracked 
|  51|0x0000000083300000, 0x0000000083300000, 0x0000000083400000|  0%| F|  |TAMS 0x0000000083300000, 0x0000000083300000| Untracked 
|  52|0x0000000083400000, 0x0000000083400000, 0x0000000083500000|  0%| F|  |TAMS 0x0000000083400000, 0x0000000083400000| Untracked 
|  53|0x0000000083500000, 0x0000000083500000, 0x0000000083600000|  0%| F|  |TAMS 0x0000000083500000, 0x0000000083500000| Untracked 
|  54|0x0000000083600000, 0x0000000083600000, 0x0000000083700000|  0%| F|  |TAMS 0x0000000083600000, 0x0000000083600000| Untracked 
|  55|0x0000000083700000, 0x0000000083700000, 0x0000000083800000|  0%| F|  |TAMS 0x0000000083700000, 0x0000000083700000| Untracked 
|  56|0x0000000083800000, 0x0000000083800000, 0x0000000083900000|  0%| F|  |TAMS 0x0000000083800000, 0x0000000083800000| Untracked 
|  57|0x0000000083900000, 0x0000000083900000, 0x0000000083a00000|  0%| F|  |TAMS 0x0000000083900000, 0x0000000083900000| Untracked 
|  58|0x0000000083a00000, 0x0000000083b00000, 0x0000000083b00000|100%| E|  |TAMS 0x0000000083a00000, 0x0000000083a00000| Complete 
|  59|0x0000000083b00000, 0x0000000083c00000, 0x0000000083c00000|100%| E|CS|TAMS 0x0000000083b00000, 0x0000000083b00000| Complete 
|  60|0x0000000083c00000, 0x0000000083d00000, 0x0000000083d00000|100%| E|CS|TAMS 0x0000000083c00000, 0x0000000083c00000| Complete 
|  61|0x0000000083d00000, 0x0000000083e00000, 0x0000000083e00000|100%| E|CS|TAMS 0x0000000083d00000, 0x0000000083d00000| Complete 
|  62|0x0000000083e00000, 0x0000000083f00000, 0x0000000083f00000|100%| E|CS|TAMS 0x0000000083e00000, 0x0000000083e00000| Complete 
|  63|0x0000000083f00000, 0x0000000084000000, 0x0000000084000000|100%| E|CS|TAMS 0x0000000083f00000, 0x0000000083f00000| Complete 
|  64|0x0000000084000000, 0x0000000084100000, 0x0000000084100000|100%| E|CS|TAMS 0x0000000084000000, 0x0000000084000000| Complete 
|  65|0x0000000084100000, 0x0000000084200000, 0x0000000084200000|100%| E|CS|TAMS 0x0000000084100000, 0x0000000084100000| Complete 
|  66|0x0000000084200000, 0x0000000084300000, 0x0000000084300000|100%| E|CS|TAMS 0x0000000084200000, 0x0000000084200000| Complete 
|  67|0x0000000084300000, 0x0000000084400000, 0x0000000084400000|100%| E|CS|TAMS 0x0000000084300000, 0x0000000084300000| Complete 
|  68|0x0000000084400000, 0x0000000084500000, 0x0000000084500000|100%| E|CS|TAMS 0x0000000084400000, 0x0000000084400000| Complete 
|  69|0x0000000084500000, 0x0000000084600000, 0x0000000084600000|100%| E|CS|TAMS 0x0000000084500000, 0x0000000084500000| Complete 
|  70|0x0000000084600000, 0x0000000084700000, 0x0000000084700000|100%| E|CS|TAMS 0x0000000084600000, 0x0000000084600000| Complete 
|  71|0x0000000084700000, 0x0000000084800000, 0x0000000084800000|100%| E|CS|TAMS 0x0000000084700000, 0x0000000084700000| Complete 
|  72|0x0000000084800000, 0x0000000084900000, 0x0000000084900000|100%| E|CS|TAMS 0x0000000084800000, 0x0000000084800000| Complete 
| 194|0x000000008c200000, 0x000000008c300000, 0x000000008c300000|100%| E|CS|TAMS 0x000000008c200000, 0x000000008c200000| Complete 
| 195|0x000000008c300000, 0x000000008c400000, 0x000000008c400000|100%| E|CS|TAMS 0x000000008c300000, 0x000000008c300000| Complete 
| 196|0x000000008c400000, 0x000000008c500000, 0x000000008c500000|100%| E|CS|TAMS 0x000000008c400000, 0x000000008c400000| Complete 
| 197|0x000000008c500000, 0x000000008c600000, 0x000000008c600000|100%| E|CS|TAMS 0x000000008c500000, 0x000000008c500000| Complete 
| 198|0x000000008c600000, 0x000000008c700000, 0x000000008c700000|100%| E|CS|TAMS 0x000000008c600000, 0x000000008c600000| Complete 
| 199|0x000000008c700000, 0x000000008c800000, 0x000000008c800000|100%| E|CS|TAMS 0x000000008c700000, 0x000000008c700000| Complete 
| 200|0x000000008c800000, 0x000000008c900000, 0x000000008c900000|100%| E|CS|TAMS 0x000000008c800000, 0x000000008c800000| Complete 
| 201|0x000000008c900000, 0x000000008ca00000, 0x000000008ca00000|100%| E|CS|TAMS 0x000000008c900000, 0x000000008c900000| Complete 
| 245|0x000000008f500000, 0x000000008f600000, 0x000000008f600000|100%| E|CS|TAMS 0x000000008f500000, 0x000000008f500000| Complete 

Card table byte_map: [0x000001d0c8a10000,0x000001d0c8e10000] _byte_map_base: 0x000001d0c8610000

Marking Bits (Prev, Next): (CMBitMap*) 0x000001d0b592c340, (CMBitMap*) 0x000001d0b592c380
 Prev Bits: [0x000001d0c9210000, 0x000001d0cb210000)
 Next Bits: [0x000001d0cb210000, 0x000001d0cd210000)

Polling page: 0x000001d0b37f0000

Metaspace:

Usage:
  Non-class:     40.83 MB used.
      Class:      6.22 MB used.
       Both:     47.05 MB used.

Virtual space:
  Non-class space:       48.00 MB reserved,      41.06 MB ( 86%) committed,  6 nodes.
      Class space:        1.00 GB reserved,       6.38 MB ( <1%) committed,  1 nodes.
             Both:        1.05 GB reserved,      47.44 MB (  4%) committed. 

Chunk freelists:
   Non-Class:  2.78 MB
       Class:  1.56 MB
        Both:  4.34 MB

MaxMetaspaceSize: unlimited
CompressedClassSpaceSize: 1.00 GB
Initial GC threshold: 21.00 MB
Current GC threshold: 58.88 MB
CDS: off
MetaspaceReclaimPolicy: balanced
 - commit_granule_bytes: 65536.
 - commit_granule_words: 8192.
 - virtual_space_node_default_size: 1048576.
 - enlarge_chunks_in_place: 1.
 - new_chunks_are_fully_committed: 0.
 - uncommit_free_chunks: 1.
 - use_allocation_guard: 0.
 - handle_deallocations: 1.


Internal statistics:

num_allocs_failed_limit: 6.
num_arena_births: 484.
num_arena_deaths: 0.
num_vsnodes_births: 7.
num_vsnodes_deaths: 0.
num_space_committed: 759.
num_space_uncommitted: 0.
num_chunks_returned_to_freelist: 6.
num_chunks_taken_from_freelist: 1942.
num_chunk_merges: 6.
num_chunk_splits: 1293.
num_chunks_enlarged: 909.
num_purges: 0.
num_inconsistent_stats: 0.

CodeHeap 'non-profiled nmethods': size=119168Kb used=2111Kb max_used=2111Kb free=117057Kb
 bounds [0x000001d0c0930000, 0x000001d0c0ba0000, 0x000001d0c7d90000]
CodeHeap 'profiled nmethods': size=119104Kb used=9431Kb max_used=9431Kb free=109672Kb
 bounds [0x000001d0b8d90000, 0x000001d0b96d0000, 0x000001d0c01e0000]
CodeHeap 'non-nmethods': size=7488Kb used=2855Kb max_used=4021Kb free=4632Kb
 bounds [0x000001d0c01e0000, 0x000001d0c05e0000, 0x000001d0c0930000]
 total_blobs=5221 nmethods=4419 adapters=713
 compilation: enabled
              stopped_count=0, restarted_count=0
 full_count=0

Compilation events (20 events):
Event: 8.396 Thread 0x000001d0d0cae560 4464   !   3       sun.security.provider.DigestBase::engineDigest (39 bytes)
Event: 8.396 Thread 0x000001d0d19bb840 nmethod 4463 0x000001d0b96bfb90 code [0x000001d0b96bfd40, 0x000001d0b96bff08]
Event: 8.397 Thread 0x000001d0d0e24ec0 nmethod 4462 0x000001d0b96c0010 code [0x000001d0b96c01c0, 0x000001d0b96c0488]
Event: 8.397 Thread 0x000001d0d0cae560 nmethod 4464 0x000001d0b96c0590 code [0x000001d0b96c0760, 0x000001d0b96c0c08]
Event: 8.397 Thread 0x000001d0d19bb840 4465       3       jdk.internal.reflect.ClassFileAssembler::emitConstantPoolMethodref (28 bytes)
Event: 8.397 Thread 0x000001d0d19bb840 nmethod 4465 0x000001d0b96c0d90 code [0x000001d0b96c0fc0, 0x000001d0b96c1648]
Event: 8.398 Thread 0x000001d0d20f9e10 4466       3       jdk.internal.reflect.ClassFileAssembler::emitConstantPoolNameAndType (28 bytes)
Event: 8.398 Thread 0x000001d0d20f9e10 nmethod 4466 0x000001d0b96c1a10 code [0x000001d0b96c1c40, 0x000001d0b96c22c8]
Event: 8.399 Thread 0x000001d0d0cae560 4467       3       java.io.DataOutputStream::writeUTF (411 bytes)
Event: 8.400 Thread 0x000001d0d20f9e10 4469       3       jdk.internal.reflect.ClassFileAssembler::emitConstantPoolClass (23 bytes)
Event: 8.400 Thread 0x000001d0d20f9e10 nmethod 4469 0x000001d0b96c2690 code [0x000001d0b96c2880, 0x000001d0b96c2cc8]
Event: 8.400 Thread 0x000001d0d0cae560 nmethod 4467 0x000001d0b96c2f10 code [0x000001d0b96c32a0, 0x000001d0b96c50e8]
Event: 8.408 Thread 0x000001d0d20f9e10 4470       3       java.lang.Long::bitCount (61 bytes)
Event: 8.408 Thread 0x000001d0d20f9e10 nmethod 4470 0x000001d0b96c5b90 code [0x000001d0b96c5d20, 0x000001d0b96c5e98]
Event: 8.476 Thread 0x000001d0d20f9e10 4472       1       javax.management.ObjectName$Property::setKeyIndex (6 bytes)
Event: 8.476 Thread 0x000001d0d20f9e10 nmethod 4472 0x000001d0c0b3f310 code [0x000001d0c0b3f4a0, 0x000001d0c0b3f578]
Event: 8.476 Thread 0x000001d0d20f9e10 4473       1       java.util.Spliterators$EmptySpliterator::characteristics (4 bytes)
Event: 8.476 Thread 0x000001d0d20f9e10 nmethod 4473 0x000001d0c0b3f610 code [0x000001d0c0b3f7a0, 0x000001d0c0b3f878]
Event: 8.476 Thread 0x000001d0d0e24ec0 4474       1       sun.management.MemoryPoolImpl::getName (5 bytes)
Event: 8.476 Thread 0x000001d0d0e24ec0 nmethod 4474 0x000001d0c0b3f910 code [0x000001d0c0b3faa0, 0x000001d0c0b3fb78]

GC Heap History (20 events):
Event: 0.719 GC heap before
{Heap before GC invocations=0 (full 0):
 garbage-first heap   total 251904K, used 26624K [0x0000000080000000, 0x0000000100000000)
  region size 1024K, 23 young (23552K), 0 survivors (0K)
 Metaspace       used 10284K, committed 10432K, reserved 1064960K
  class space    used 1061K, committed 1152K, reserved 1048576K
}
Event: 0.725 GC heap after
{Heap after GC invocations=1 (full 0):
 garbage-first heap   total 251904K, used 10059K [0x0000000080000000, 0x0000000100000000)
  region size 1024K, 3 young (3072K), 3 survivors (3072K)
 Metaspace       used 10284K, committed 10432K, reserved 1064960K
  class space    used 1061K, committed 1152K, reserved 1048576K
}
Event: 1.162 GC heap before
{Heap before GC invocations=1 (full 0):
 garbage-first heap   total 251904K, used 40779K [0x0000000080000000, 0x0000000100000000)
  region size 1024K, 32 young (32768K), 3 survivors (3072K)
 Metaspace       used 11266K, committed 11520K, reserved 1064960K
  class space    used 1164K, committed 1280K, reserved 1048576K
}
Event: 1.167 GC heap after
{Heap after GC invocations=2 (full 0):
 garbage-first heap   total 251904K, used 14323K [0x0000000080000000, 0x0000000100000000)
  region size 1024K, 4 young (4096K), 4 survivors (4096K)
 Metaspace       used 11266K, committed 11520K, reserved 1064960K
  class space    used 1164K, committed 1280K, reserved 1048576K
}
Event: 2.439 GC heap before
{Heap before GC invocations=2 (full 0):
 garbage-first heap   total 251904K, used 54259K [0x0000000080000000, 0x0000000100000000)
  region size 1024K, 44 young (45056K), 4 survivors (4096K)
 Metaspace       used 21216K, committed 21504K, reserved 1073152K
  class space    used 2562K, committed 2752K, reserved 1048576K
}
Event: 2.447 GC heap after
{Heap after GC invocations=3 (full 0):
 garbage-first heap   total 251904K, used 18624K [0x0000000080000000, 0x0000000100000000)
  region size 1024K, 8 young (8192K), 8 survivors (8192K)
 Metaspace       used 21216K, committed 21504K, reserved 1073152K
  class space    used 2562K, committed 2752K, reserved 1048576K
}
Event: 3.970 GC heap before
{Heap before GC invocations=4 (full 0):
 garbage-first heap   total 68608K, used 50368K [0x0000000080000000, 0x0000000100000000)
  region size 1024K, 40 young (40960K), 8 survivors (8192K)
 Metaspace       used 26191K, committed 26496K, reserved 1073152K
  class space    used 3422K, committed 3584K, reserved 1048576K
}
Event: 4.007 GC heap after
{Heap after GC invocations=5 (full 0):
 garbage-first heap   total 68608K, used 20890K [0x0000000080000000, 0x0000000100000000)
  region size 1024K, 3 young (3072K), 3 survivors (3072K)
 Metaspace       used 26191K, committed 26496K, reserved 1073152K
  class space    used 3422K, committed 3584K, reserved 1048576K
}
Event: 4.929 GC heap before
{Heap before GC invocations=5 (full 0):
 garbage-first heap   total 68608K, used 46490K [0x0000000080000000, 0x0000000100000000)
  region size 1024K, 29 young (29696K), 3 survivors (3072K)
 Metaspace       used 30350K, committed 30656K, reserved 1081344K
  class space    used 4100K, committed 4224K, reserved 1048576K
}
Event: 4.932 GC heap after
{Heap after GC invocations=6 (full 0):
 garbage-first heap   total 68608K, used 22221K [0x0000000080000000, 0x0000000100000000)
  region size 1024K, 4 young (4096K), 4 survivors (4096K)
 Metaspace       used 30350K, committed 30656K, reserved 1081344K
  class space    used 4100K, committed 4224K, reserved 1048576K
}
Event: 5.993 GC heap before
{Heap before GC invocations=6 (full 0):
 garbage-first heap   total 68608K, used 48845K [0x0000000080000000, 0x0000000100000000)
  region size 1024K, 30 young (30720K), 4 survivors (4096K)
 Metaspace       used 34815K, committed 35200K, reserved 1081344K
  class space    used 4792K, committed 4992K, reserved 1048576K
}
Event: 5.998 GC heap after
{Heap after GC invocations=7 (full 0):
 garbage-first heap   total 68608K, used 23805K [0x0000000080000000, 0x0000000100000000)
  region size 1024K, 4 young (4096K), 4 survivors (4096K)
 Metaspace       used 34815K, committed 35200K, reserved 1081344K
  class space    used 4792K, committed 4992K, reserved 1048576K
}
Event: 6.194 GC heap before
{Heap before GC invocations=7 (full 0):
 garbage-first heap   total 68608K, used 26877K [0x0000000080000000, 0x0000000100000000)
  region size 1024K, 9 young (9216K), 4 survivors (4096K)
 Metaspace       used 35615K, committed 35968K, reserved 1081344K
  class space    used 4873K, committed 5056K, reserved 1048576K
}
Event: 6.197 GC heap after
{Heap after GC invocations=8 (full 0):
 garbage-first heap   total 68608K, used 24885K [0x0000000080000000, 0x0000000100000000)
  region size 1024K, 3 young (3072K), 3 survivors (3072K)
 Metaspace       used 35615K, committed 35968K, reserved 1081344K
  class space    used 4873K, committed 5056K, reserved 1048576K
}
Event: 6.797 GC heap before
{Heap before GC invocations=9 (full 0):
 garbage-first heap   total 68608K, used 48437K [0x0000000080000000, 0x0000000100000000)
  region size 1024K, 27 young (27648K), 3 survivors (3072K)
 Metaspace       used 40595K, committed 40896K, reserved 1089536K
  class space    used 5356K, committed 5504K, reserved 1048576K
}
Event: 6.801 GC heap after
{Heap after GC invocations=10 (full 0):
 garbage-first heap   total 68608K, used 28536K [0x0000000080000000, 0x0000000100000000)
  region size 1024K, 4 young (4096K), 4 survivors (4096K)
 Metaspace       used 40595K, committed 40896K, reserved 1089536K
  class space    used 5356K, committed 5504K, reserved 1048576K
}
Event: 7.232 GC heap before
{Heap before GC invocations=10 (full 0):
 garbage-first heap   total 68608K, used 54136K [0x0000000080000000, 0x0000000100000000)
  region size 1024K, 26 young (26624K), 4 survivors (4096K)
 Metaspace       used 43053K, committed 43456K, reserved 1089536K
  class space    used 5626K, committed 5760K, reserved 1048576K
}
Event: 7.237 GC heap after
{Heap after GC invocations=11 (full 0):
 garbage-first heap   total 68608K, used 30071K [0x0000000080000000, 0x0000000100000000)
  region size 1024K, 3 young (3072K), 3 survivors (3072K)
 Metaspace       used 43053K, committed 43456K, reserved 1089536K
  class space    used 5626K, committed 5760K, reserved 1048576K
}
Event: 7.784 GC heap before
{Heap before GC invocations=11 (full 0):
 garbage-first heap   total 68608K, used 51575K [0x0000000080000000, 0x0000000100000000)
  region size 1024K, 24 young (24576K), 3 survivors (3072K)
 Metaspace       used 45052K, committed 45440K, reserved 1089536K
  class space    used 5836K, committed 6016K, reserved 1048576K
}
Event: 7.807 GC heap after
{Heap after GC invocations=12 (full 0):
 garbage-first heap   total 83968K, used 31295K [0x0000000080000000, 0x0000000100000000)
  region size 1024K, 2 young (2048K), 2 survivors (2048K)
 Metaspace       used 45052K, committed 45440K, reserved 1089536K
  class space    used 5836K, committed 6016K, reserved 1048576K
}

Dll operation events (2 events):
Event: 0.011 Loaded shared library C:\Program Files\Android\Android Studio\jbr\bin\java.dll
Event: 0.341 Loaded shared library C:\Program Files\Android\Android Studio\jbr\bin\verify.dll

Deoptimization events (20 events):
Event: 7.883 Thread 0x000001d0d13b7930 DEOPT PACKING pc=0x000001d0c0acc0b0 sp=0x000000b1210f9860
Event: 7.883 Thread 0x000001d0d13b7930 DEOPT UNPACKING pc=0x000001d0c02369a3 sp=0x000000b1210f97d8 mode 2
Event: 8.276 Thread 0x000001d0d13b7930 Uncommon trap: trap_request=0xffffffbe fr.pc=0x000001d0c0b16cb8 relative=0x0000000000003298
Event: 8.276 Thread 0x000001d0d13b7930 Uncommon trap: reason=profile_predicate action=maybe_recompile pc=0x000001d0c0b16cb8 method=java.util.AbstractCollection.addAll(Ljava/util/Collection;)Z @ 15 c2
Event: 8.276 Thread 0x000001d0d13b7930 DEOPT PACKING pc=0x000001d0c0b16cb8 sp=0x000000b1210fa3b0
Event: 8.276 Thread 0x000001d0d13b7930 DEOPT UNPACKING pc=0x000001d0c02369a3 sp=0x000000b1210fa398 mode 2
Event: 8.276 Thread 0x000001d0d13b7930 Uncommon trap: trap_request=0xffffffbe fr.pc=0x000001d0c0b16cb8 relative=0x0000000000003298
Event: 8.276 Thread 0x000001d0d13b7930 Uncommon trap: reason=profile_predicate action=maybe_recompile pc=0x000001d0c0b16cb8 method=java.util.AbstractCollection.addAll(Ljava/util/Collection;)Z @ 15 c2
Event: 8.276 Thread 0x000001d0d13b7930 DEOPT PACKING pc=0x000001d0c0b16cb8 sp=0x000000b1210fa3b0
Event: 8.276 Thread 0x000001d0d13b7930 DEOPT UNPACKING pc=0x000001d0c02369a3 sp=0x000000b1210fa398 mode 2
Event: 8.276 Thread 0x000001d0d13b7930 Uncommon trap: trap_request=0xffffffbe fr.pc=0x000001d0c0b16cb8 relative=0x0000000000003298
Event: 8.276 Thread 0x000001d0d13b7930 Uncommon trap: reason=profile_predicate action=maybe_recompile pc=0x000001d0c0b16cb8 method=java.util.AbstractCollection.addAll(Ljava/util/Collection;)Z @ 15 c2
Event: 8.276 Thread 0x000001d0d13b7930 DEOPT PACKING pc=0x000001d0c0b16cb8 sp=0x000000b1210fa3b0
Event: 8.276 Thread 0x000001d0d13b7930 DEOPT UNPACKING pc=0x000001d0c02369a3 sp=0x000000b1210fa398 mode 2
Event: 8.276 Thread 0x000001d0d13b7930 Uncommon trap: trap_request=0xffffffbe fr.pc=0x000001d0c0b16cb8 relative=0x0000000000003298
Event: 8.276 Thread 0x000001d0d13b7930 Uncommon trap: reason=profile_predicate action=maybe_recompile pc=0x000001d0c0b16cb8 method=java.util.AbstractCollection.addAll(Ljava/util/Collection;)Z @ 15 c2
Event: 8.276 Thread 0x000001d0d13b7930 DEOPT PACKING pc=0x000001d0c0b16cb8 sp=0x000000b1210fa3b0
Event: 8.276 Thread 0x000001d0d13b7930 DEOPT UNPACKING pc=0x000001d0c02369a3 sp=0x000000b1210fa398 mode 2
Event: 8.398 Thread 0x000001d0d1402520 DEOPT PACKING pc=0x000001d0b90e053a sp=0x000000b1213fe7f0
Event: 8.398 Thread 0x000001d0d1402520 DEOPT UNPACKING pc=0x000001d0c0237143 sp=0x000000b1213fdc68 mode 0

Classes unloaded (0 events):
No events

Classes redefined (0 events):
No events

Internal exceptions (20 events):
Event: 7.228 Thread 0x000001d0d13b7930 Exception <a 'java/lang/NoSuchMethodError'{0x0000000082db6a90}: 'java.lang.Object java.lang.invoke.DirectMethodHandle$Holder.invokeStatic(java.lang.Object, java.lang.Object, java.lang.Object, java.lang.Object, java.lang.Object, java.lang.Object, java.lang.Object, java.lang.Object, java.lang.Object, java.lang.Object, java.lang.Object, java.lang.Object, java.lang.Object, java.lang.Object, java.lang.Object, java.lang.Object, java.lang.Object)'> (0x0000000082db6a90) 
thrown [s\src\hotspot\share\interpreter\lin
Event: 7.230 Thread 0x000001d0d13b7930 Exception <a 'java/lang/NoSuchMethodError'{0x0000000082dde680}: 'java.lang.Object java.lang.invoke.DirectMethodHandle$Holder.invokeStatic(java.lang.Object, java.lang.Object, java.lang.Object, java.lang.Object, java.lang.Object, java.lang.Object, java.lang.Object, java.lang.Object, java.lang.Object, java.lang.Object, java.lang.Object, java.lang.Object, java.lang.Object, java.lang.Object, java.lang.Object, java.lang.Object, java.lang.Object, java.lang.Object)'> (0x0000000082dde680) 
thrown [s\src\hotspot\sha
Event: 7.239 Thread 0x000001d0d13b7930 Exception <a 'java/lang/NoSuchMethodError'{0x000000008f507108}: 'java.lang.Object java.lang.invoke.DirectMethodHandle$Holder.invokeStatic(java.lang.Object, java.lang.Object, java.lang.Object, java.lang.Object, java.lang.Object, java.lang.Object, java.lang.Object, java.lang.Object, java.lang.Object, java.lang.Object, java.lang.Object, java.lang.Object, java.lang.Object, java.lang.Object, java.lang.Object, java.lang.Object, java.lang.Object, java.lang.Object, java.lang.Object)'> (0x000000008f507108) 
thrown 
Event: 7.242 Thread 0x000001d0d13b7930 Exception <a 'java/lang/NoSuchMethodError'{0x000000008f5308c8}: 'java.lang.Object java.lang.invoke.DirectMethodHandle$Holder.invokeStatic(java.lang.Object, java.lang.Object, java.lang.Object, java.lang.Object, java.lang.Object, java.lang.Object, java.lang.Object, java.lang.Object, java.lang.Object, java.lang.Object, java.lang.Object, java.lang.Object, java.lang.Object, java.lang.Object, java.lang.Object, java.lang.Object, java.lang.Object, java.lang.Object, java.lang.Object, java.lang.Object)'> (0x00000000
Event: 7.246 Thread 0x000001d0d13b7930 Exception <a 'java/lang/NoSuchMethodError'{0x000000008f55af88}: 'java.lang.Object java.lang.invoke.DirectMethodHandle$Holder.invokeStatic(java.lang.Object, java.lang.Object, java.lang.Object, java.lang.Object, java.lang.Object, java.lang.Object, java.lang.Object, java.lang.Object, java.lang.Object, java.lang.Object, java.lang.Object, java.lang.Object, java.lang.Object, java.lang.Object, java.lang.Object, java.lang.Object, java.lang.Object, java.lang.Object, java.lang.Object, java.lang.Object, java.lang.Obj
Event: 7.249 Thread 0x000001d0d13b7930 Exception <a 'java/lang/NoSuchMethodError'{0x000000008f5922e0}: 'java.lang.Object java.lang.invoke.DirectMethodHandle$Holder.invokeStatic(java.lang.Object, java.lang.Object, java.lang.Object, java.lang.Object, java.lang.Object, java.lang.Object, java.lang.Object, java.lang.Object, java.lang.Object, java.lang.Object, java.lang.Object, java.lang.Object, java.lang.Object, java.lang.Object, java.lang.Object, java.lang.Object, java.lang.Object, java.lang.Object, java.lang.Object, java.lang.Object, java.lang.Obj
Event: 7.253 Thread 0x000001d0d13b7930 Exception <a 'java/lang/NoSuchMethodError'{0x000000008f5bee70}: 'java.lang.Object java.lang.invoke.DirectMethodHandle$Holder.invokeStatic(java.lang.Object, java.lang.Object, java.lang.Object, java.lang.Object, java.lang.Object, java.lang.Object, java.lang.Object, java.lang.Object, java.lang.Object, java.lang.Object, java.lang.Object, java.lang.Object, java.lang.Object, java.lang.Object, java.lang.Object, java.lang.Object, java.lang.Object, java.lang.Object, java.lang.Object, java.lang.Object, java.lang.Obj
Event: 7.256 Thread 0x000001d0d13b7930 Exception <a 'java/lang/NoSuchMethodError'{0x000000008f5ed488}: 'java.lang.Object java.lang.invoke.DirectMethodHandle$Holder.invokeStatic(java.lang.Object, java.lang.Object, java.lang.Object, java.lang.Object, java.lang.Object, java.lang.Object, java.lang.Object, java.lang.Object, java.lang.Object, java.lang.Object, java.lang.Object, java.lang.Object, java.lang.Object, java.lang.Object, java.lang.Object, java.lang.Object, java.lang.Object, java.lang.Object, java.lang.Object, java.lang.Object, java.lang.Obj
Event: 7.422 Thread 0x000001d0d13b7930 Exception <a 'java/lang/IncompatibleClassChangeError'{0x000000008351a468}: Found class java.lang.Object, but interface was expected> (0x000000008351a468) 
thrown [s\src\hotspot\share\interpreter\linkResolver.cpp, line 838]
Event: 7.597 Thread 0x000001d0d13b7930 Exception <a 'java/lang/IncompatibleClassChangeError'{0x0000000083190170}: Found class java.lang.Object, but interface was expected> (0x0000000083190170) 
thrown [s\src\hotspot\share\interpreter\linkResolver.cpp, line 838]
Event: 7.677 Thread 0x000001d0d13b7930 Exception <a 'java/lang/NoSuchMethodError'{0x0000000082f16320}: 'int java.lang.invoke.DirectMethodHandle$Holder.invokeStaticInit(java.lang.Object, java.lang.Object, java.lang.Object, java.lang.Object, java.lang.Object)'> (0x0000000082f16320) 
thrown [s\src\hotspot\share\interpreter\linkResolver.cpp, line 771]
Event: 7.883 Thread 0x000001d0d13b7930 Implicit null exception at 0x000001d0c0acbfec to 0x000001d0c0acc094
Event: 8.040 Thread 0x000001d0d13b7930 Exception <a 'java/lang/NoSuchMethodError'{0x00000000848650a8}: 'void java.lang.invoke.DirectMethodHandle$Holder.invokeInterface(java.lang.Object, java.lang.Object)'> (0x00000000848650a8) 
thrown [s\src\hotspot\share\interpreter\linkResolver.cpp, line 771]
Event: 8.042 Thread 0x000001d0d13b7930 Exception <a 'java/lang/IncompatibleClassChangeError'{0x00000000848703d8}: Found class java.lang.Object, but interface was expected> (0x00000000848703d8) 
thrown [s\src\hotspot\share\interpreter\linkResolver.cpp, line 838]
Event: 8.108 Thread 0x000001d0d13b7930 Exception <a 'java/lang/NoSuchMethodError'{0x00000000847f6178}: 'java.lang.Object java.lang.invoke.DirectMethodHandle$Holder.newInvokeSpecial(java.lang.Object, int, java.lang.Object)'> (0x00000000847f6178) 
thrown [s\src\hotspot\share\interpreter\linkResolver.cpp, line 771]
Event: 8.396 Thread 0x000001d0d1402520 Exception <a 'java/lang/NoSuchMethodError'{0x0000000083b0f5f0}: static Lorg/gradle/internal/build/event/types/DefaultOperationStartedProgressEvent;.<clinit>()V> (0x0000000083b0f5f0) 
thrown [s\src\hotspot\share\prims\jni.cpp, line 1108]
Event: 8.396 Thread 0x000001d0d1402520 Exception <a 'java/lang/NoSuchMethodError'{0x0000000083b10eb8}: static Lorg/gradle/internal/build/event/types/AbstractProgressEvent;.<clinit>()V> (0x0000000083b10eb8) 
thrown [s\src\hotspot\share\prims\jni.cpp, line 1108]
Event: 8.398 Thread 0x000001d0d1402520 Exception <a 'java/lang/NoSuchMethodError'{0x0000000083b22408}: static Lorg/gradle/internal/build/event/types/DefaultProjectConfigurationDescriptor;.<clinit>()V> (0x0000000083b22408) 
thrown [s\src\hotspot\share\prims\jni.cpp, line 1108]
Event: 8.399 Thread 0x000001d0d1402520 Exception <a 'java/lang/NoSuchMethodError'{0x0000000083b24980}: static Lorg/gradle/internal/build/event/types/DefaultOperationDescriptor;.<clinit>()V> (0x0000000083b24980) 
thrown [s\src\hotspot\share\prims\jni.cpp, line 1108]
Event: 8.400 Thread 0x000001d0d1402520 Exception <a 'java/lang/NoSuchMethodError'{0x0000000083bbac28}: static Lorg/gradle/internal/operations/OperationIdentifier;.<clinit>()V> (0x0000000083bbac28) 
thrown [s\src\hotspot\share\prims\jni.cpp, line 1108]

VM Operations (20 events):
Event: 6.749 Executing VM operation: HandshakeAllThreads done
Event: 6.797 Executing VM operation: G1CollectForAllocation
Event: 6.801 Executing VM operation: G1CollectForAllocation done
Event: 7.232 Executing VM operation: G1CollectForAllocation
Event: 7.237 Executing VM operation: G1CollectForAllocation done
Event: 7.427 Executing VM operation: HandshakeAllThreads
Event: 7.427 Executing VM operation: HandshakeAllThreads done
Event: 7.515 Executing VM operation: HandshakeAllThreads
Event: 7.516 Executing VM operation: HandshakeAllThreads done
Event: 7.604 Executing VM operation: HandshakeAllThreads
Event: 7.604 Executing VM operation: HandshakeAllThreads done
Event: 7.784 Executing VM operation: G1CollectForAllocation
Event: 7.807 Executing VM operation: G1CollectForAllocation done
Event: 7.849 Executing VM operation: HandshakeAllThreads
Event: 7.849 Executing VM operation: HandshakeAllThreads done
Event: 8.342 Executing VM operation: HandshakeAllThreads
Event: 8.342 Executing VM operation: HandshakeAllThreads done
Event: 8.379 Executing VM operation: HandshakeAllThreads
Event: 8.380 Executing VM operation: HandshakeAllThreads done
Event: 9.392 Executing VM operation: Cleanup

Events (20 events):
Event: 8.394 loading class java/io/ObjectStreamClass$FieldReflectorKey
Event: 8.395 loading class java/io/ObjectStreamClass$FieldReflectorKey done
Event: 8.395 loading class java/io/ObjectStreamClass$FieldReflector
Event: 8.395 loading class java/io/ObjectStreamClass$FieldReflector done
Event: 8.395 loading class java/io/ObjectStreamClass$1
Event: 8.395 loading class java/io/ObjectStreamClass$1 done
Event: 8.395 loading class java/io/ObjectStreamClass$MemberSignature
Event: 8.396 loading class java/io/ObjectStreamClass$MemberSignature done
Event: 8.396 loading class java/io/ObjectStreamClass$3
Event: 8.396 loading class java/io/ObjectStreamClass$3 done
Event: 8.396 loading class java/io/ObjectStreamClass$4
Event: 8.396 loading class java/io/ObjectStreamClass$4 done
Event: 8.396 loading class java/io/ObjectStreamClass$5
Event: 8.396 loading class java/io/ObjectStreamClass$5 done
Event: 8.396 loading class java/io/ObjectStreamClass$ClassDataSlot
Event: 8.397 loading class java/io/ObjectStreamClass$ClassDataSlot done
Event: 8.399 loading class jdk/internal/reflect/UnsafeQualifiedStaticLongFieldAccessorImpl
Event: 8.399 loading class jdk/internal/reflect/UnsafeQualifiedStaticLongFieldAccessorImpl done
Event: 8.401 loading class java/io/SerialCallbackContext
Event: 8.401 loading class java/io/SerialCallbackContext done


Dynamic libraries:
0x00007ff67d350000 - 0x00007ff67d35a000 	C:\Program Files\Android\Android Studio\jbr\bin\java.exe
0x00007ffaec7d0000 - 0x00007ffaeca09000 	C:\WINDOWS\SYSTEM32\ntdll.dll
0x00007ffaebc60000 - 0x00007ffaebd29000 	C:\WINDOWS\System32\KERNEL32.DLL
0x00007ffae9be0000 - 0x00007ffae9f3c000 	C:\WINDOWS\System32\KERNELBASE.dll
0x00007ffaea230000 - 0x00007ffaea368000 	C:\WINDOWS\System32\ucrtbase.dll
0x00007ffad88a0000 - 0x00007ffad88b7000 	C:\Program Files\Android\Android Studio\jbr\bin\jli.dll
0x00007ffacbfd0000 - 0x00007ffacbfeb000 	C:\Program Files\Android\Android Studio\jbr\bin\VCRUNTIME140.dll
0x00007ffaec060000 - 0x00007ffaec218000 	C:\WINDOWS\System32\USER32.dll
0x00007ffae9bb0000 - 0x00007ffae9bd7000 	C:\WINDOWS\System32\win32u.dll
0x00007ffadaf70000 - 0x00007ffadb201000 	C:\WINDOWS\WinSxS\amd64_microsoft.windows.common-controls_6595b64144ccf1df_6.0.25967.1000_none_87f2fad1df56f3de\COMCTL32.dll
0x00007ffaebf80000 - 0x00007ffaebfaa000 	C:\WINDOWS\System32\GDI32.dll
0x00007ffaeabe0000 - 0x00007ffaeac87000 	C:\WINDOWS\System32\msvcrt.dll
0x00007ffaea480000 - 0x00007ffaea5a0000 	C:\WINDOWS\System32\gdi32full.dll
0x00007ffaea180000 - 0x00007ffaea225000 	C:\WINDOWS\System32\msvcp_win.dll
0x00007ffaeb550000 - 0x00007ffaeb581000 	C:\WINDOWS\System32\IMM32.DLL
0x00007fface700000 - 0x00007fface70c000 	C:\Program Files\Android\Android Studio\jbr\bin\vcruntime140_1.dll
0x00007ffab3c60000 - 0x00007ffab3ced000 	C:\Program Files\Android\Android Studio\jbr\bin\msvcp140.dll
0x00007ffa86720000 - 0x00007ffa8738e000 	C:\Program Files\Android\Android Studio\jbr\bin\server\jvm.dll
0x00007ffaeb930000 - 0x00007ffaeb9e0000 	C:\WINDOWS\System32\ADVAPI32.dll
0x00007ffaeb9f0000 - 0x00007ffaeba93000 	C:\WINDOWS\System32\sechost.dll
0x00007ffaec220000 - 0x00007ffaec346000 	C:\WINDOWS\System32\RPCRT4.dll
0x00007ffadec30000 - 0x00007ffadec3b000 	C:\WINDOWS\SYSTEM32\VERSION.dll
0x00007ffac3d00000 - 0x00007ffac3d0a000 	C:\WINDOWS\SYSTEM32\WSOCK32.dll
0x00007ffae67e0000 - 0x00007ffae6815000 	C:\WINDOWS\SYSTEM32\WINMM.dll
0x00007ffaebe30000 - 0x00007ffaebea4000 	C:\WINDOWS\System32\WS2_32.dll
0x00007ffae8a90000 - 0x00007ffae8aa9000 	C:\WINDOWS\SYSTEM32\kernel.appcore.dll
0x00007ffae3c30000 - 0x00007ffae3c3a000 	C:\Program Files\Android\Android Studio\jbr\bin\jimage.dll
0x00007ffae74e0000 - 0x00007ffae7716000 	C:\WINDOWS\SYSTEM32\DBGHELP.DLL
0x00007ffaec410000 - 0x00007ffaec785000 	C:\WINDOWS\System32\combase.dll
0x00007ffaebd30000 - 0x00007ffaebe06000 	C:\WINDOWS\System32\OLEAUT32.dll
0x00007ffae67a0000 - 0x00007ffae67d9000 	C:\WINDOWS\SYSTEM32\dbgcore.DLL
0x00007ffaea3f0000 - 0x00007ffaea472000 	C:\WINDOWS\System32\bcryptPrimitives.dll
0x00007ffad2d80000 - 0x00007ffad2da5000 	C:\Program Files\Android\Android Studio\jbr\bin\java.dll
0x00007ffae3440000 - 0x00007ffae3458000 	C:\Program Files\Android\Android Studio\jbr\bin\zip.dll
0x00007ffaeac90000 - 0x00007ffaeb459000 	C:\WINDOWS\System32\SHELL32.dll
0x00007ffae7a10000 - 0x00007ffae8273000 	C:\WINDOWS\SYSTEM32\windows.storage.dll
0x00007ffaeb470000 - 0x00007ffaeb546000 	C:\WINDOWS\System32\SHCORE.dll
0x00007ffaea5b0000 - 0x00007ffaea60d000 	C:\WINDOWS\System32\shlwapi.dll
0x00007ffae9ad0000 - 0x00007ffae9af4000 	C:\WINDOWS\SYSTEM32\profapi.dll
0x00007ffae0230000 - 0x00007ffae0249000 	C:\Program Files\Android\Android Studio\jbr\bin\net.dll
0x00007ffae1f80000 - 0x00007ffae209d000 	C:\WINDOWS\SYSTEM32\WINHTTP.dll
0x00007ffae8f20000 - 0x00007ffae8f89000 	C:\WINDOWS\system32\mswsock.dll
0x00007ffadc7b0000 - 0x00007ffadc7c6000 	C:\Program Files\Android\Android Studio\jbr\bin\nio.dll
0x00007ffae37b0000 - 0x00007ffae37c0000 	C:\Program Files\Android\Android Studio\jbr\bin\verify.dll
0x00007ffac3c40000 - 0x00007ffac3c67000 	C:\Users\KIIT\.gradle\native\68d5fa5c4cc2d200863cafc0d521ce42e7d3e7ee720ec0a83991735586a16f82\windows-amd64\native-platform.dll
0x00007ffaa1fc0000 - 0x00007ffaa2104000 	C:\Users\KIIT\.gradle\native\e376f236ea51e6404a007f0833ffe2c6e607c4080706a723a18a27aeea778392\windows-amd64\native-platform-file-events.dll
0x00007ffae1340000 - 0x00007ffae1349000 	C:\Program Files\Android\Android Studio\jbr\bin\management.dll
0x00007ffad9630000 - 0x00007ffad963b000 	C:\Program Files\Android\Android Studio\jbr\bin\management_ext.dll
0x00007ffaec3d0000 - 0x00007ffaec3d8000 	C:\WINDOWS\System32\PSAPI.DLL
0x00007ffae91d0000 - 0x00007ffae91ec000 	C:\WINDOWS\SYSTEM32\CRYPTSP.dll
0x00007ffae89f0000 - 0x00007ffae8a28000 	C:\WINDOWS\system32\rsaenh.dll
0x00007ffae9020000 - 0x00007ffae904b000 	C:\WINDOWS\SYSTEM32\USERENV.dll
0x00007ffae9410000 - 0x00007ffae9439000 	C:\WINDOWS\SYSTEM32\bcrypt.dll
0x00007ffae91c0000 - 0x00007ffae91cc000 	C:\WINDOWS\SYSTEM32\CRYPTBASE.dll
0x00007ffae8470000 - 0x00007ffae84a0000 	C:\WINDOWS\SYSTEM32\IPHLPAPI.DLL
0x00007ffaeb590000 - 0x00007ffaeb59a000 	C:\WINDOWS\System32\NSI.dll
0x00007ffae2120000 - 0x00007ffae213b000 	C:\WINDOWS\SYSTEM32\dhcpcsvc6.DLL
0x00007ffae20f0000 - 0x00007ffae2110000 	C:\WINDOWS\SYSTEM32\dhcpcsvc.DLL
0x00007ffae84b0000 - 0x00007ffae85c5000 	C:\WINDOWS\SYSTEM32\DNSAPI.dll
0x00007ffad2d40000 - 0x00007ffad2d48000 	C:\WINDOWS\system32\wshunix.dll

dbghelp: loaded successfully - version: 4.0.5 - missing functions: none
symbol engine: initialized successfully - sym options: 0x614 - pdb path: .;C:\Program Files\Android\Android Studio\jbr\bin;C:\WINDOWS\SYSTEM32;C:\WINDOWS\WinSxS\amd64_microsoft.windows.common-controls_6595b64144ccf1df_6.0.25967.1000_none_87f2fad1df56f3de;C:\Program Files\Android\Android Studio\jbr\bin\server;C:\Users\KIIT\.gradle\native\68d5fa5c4cc2d200863cafc0d521ce42e7d3e7ee720ec0a83991735586a16f82\windows-amd64;C:\Users\KIIT\.gradle\native\e376f236ea51e6404a007f0833ffe2c6e607c4080706a723a18a27aeea778392\windows-amd64

VM Arguments:
jvm_args: --add-opens=java.base/java.util=ALL-UNNAMED --add-opens=java.base/java.lang=ALL-UNNAMED --add-opens=java.base/java.lang.invoke=ALL-UNNAMED --add-opens=java.prefs/java.util.prefs=ALL-UNNAMED --add-opens=java.base/java.nio.charset=ALL-UNNAMED --add-opens=java.base/java.net=ALL-UNNAMED --add-opens=java.base/java.util.concurrent.atomic=ALL-UNNAMED -Xmx2048m -Dfile.encoding=UTF-8 -Duser.country=IN -Duser.language=en -Duser.variant 
java_command: org.gradle.launcher.daemon.bootstrap.GradleDaemon 8.0
java_class_path (initial): C:\Users\KIIT\.gradle\wrapper\dists\gradle-8.0-bin\ca5e32bp14vu59qr306oxotwh\gradle-8.0\lib\gradle-launcher-8.0.jar
Launcher Type: SUN_STANDARD

[Global flags]
     intx CICompilerCount                          = 12                                        {product} {ergonomic}
     uint ConcGCThreads                            = 3                                         {product} {ergonomic}
     uint G1ConcRefinementThreads                  = 13                                        {product} {ergonomic}
   size_t G1HeapRegionSize                         = 1048576                                   {product} {ergonomic}
    uintx GCDrainStackTargetSize                   = 64                                        {product} {ergonomic}
   size_t InitialHeapSize                          = 257949696                                 {product} {ergonomic}
   size_t MarkStackSize                            = 4194304                                   {product} {ergonomic}
   size_t MaxHeapSize                              = 2147483648                                {product} {command line}
   size_t MaxNewSize                               = 1287651328                                {product} {ergonomic}
   size_t MinHeapDeltaBytes                        = 1048576                                   {product} {ergonomic}
   size_t MinHeapSize                              = 8388608                                   {product} {ergonomic}
    uintx NonNMethodCodeHeapSize                   = 7602480                                {pd product} {ergonomic}
    uintx NonProfiledCodeHeapSize                  = 122027880                              {pd product} {ergonomic}
    uintx ProfiledCodeHeapSize                     = 122027880                              {pd product} {ergonomic}
    uintx ReservedCodeCacheSize                    = 251658240                              {pd product} {ergonomic}
     bool SegmentedCodeCache                       = true                                      {product} {ergonomic}
   size_t SoftMaxHeapSize                          = 2147483648                             {manageable} {ergonomic}
     bool UseCompressedClassPointers               = true                           {product lp64_product} {ergonomic}
     bool UseCompressedOops                        = true                           {product lp64_product} {ergonomic}
     bool UseG1GC                                  = true                                      {product} {ergonomic}
     bool UseLargePagesIndividualAllocation        = false                                  {pd product} {ergonomic}

Logging:
Log output configuration:
 #0: stdout all=warning uptime,level,tags
 #1: stderr all=off uptime,level,tags

Environment Variables:
PATH=C:\Program Files\NVIDIA GPU Computing Toolkit\CUDA\v12.3\bin;C:\Program Files\NVIDIA GPU Computing Toolkit\CUDA\v12.3\libnvvp;C:\Program Files\Common Files\Oracle\Java\javapath;C:\WINDOWS\system32;C:\WINDOWS;C:\WINDOWS\System32\Wbem;C:\WINDOWS\System32\WindowsPowerShell\v1.0\;C:\WINDOWS\System32\OpenSSH\;C:\Program Files\Git\cmd;C:\Program Files\NVIDIA Corporation\Nsight Compute 2023.3.0\;C:\Program Files (x86)\NVIDIA Corporation\PhysX\Common;C:\Users\KIIT\AppData\Local\Microsoft\WindowsApps;C:\Users\KIIT\AppData\Local\Programs\Microsoft VS Code\bin;C:\Users\KIIT\Downloads\MinGW\bin;C:\Program Files\Java\jdk-11\bin;
USERNAME=KIIT
OS=Windows_NT
PROCESSOR_IDENTIFIER=AMD64 Family 23 Model 104 Stepping 1, AuthenticAMD
TMP=C:\Users\KIIT\AppData\Local\Temp
TEMP=C:\Users\KIIT\AppData\Local\Temp


JNI global refs:
JNI global refs: 32, weak refs: 5

JNI global refs memory usage: 843, weak refs: 841


---------------  S Y S T E M  ---------------

OS:
 Windows 11 , 64 bit Build 25967 (10.0.25967.1000)
OS uptime: 22 days 6:21 hours
Hyper-V role detected

CPU: total 16 (initial active 16) (16 cores per cpu, 2 threads per core) family 23 model 104 stepping 1 microcode 0x8608104, cx8, cmov, fxsr, ht, mmx, 3dnowpref, sse, sse2, sse3, ssse3, sse4a, sse4.1, sse4.2, popcnt, lzcnt, tsc, tscinvbit, avx, avx2, aes, clmul, bmi1, bmi2, adx, sha, fma, vzeroupper, clflush, clflushopt, hv

Memory: 4k page, system-wide physical 15709M (286M free)
TotalPageFile size 46598M (AvailPageFile size 28M)
current process WorkingSet (physical memory assigned to process): 229M, peak: 229M
current process commit charge ("private bytes"): 277M, peak: 402M

vm_info: OpenJDK 64-Bit Server VM (17.0.6+0-b2043.56-10027231) for windows-amd64 JRE (17.0.6+0-b2043.56-10027231), built on Apr 28 2023 00:43:19 by "androidbuild" with MS VC++ 16.10 / 16.11 (VS2019)

END.
